0 verbose cli C:\Program Files\nodejs\node.exe C:\Users\tawik\AppData\Roaming\npm\node_modules\npm\bin\npm-cli.js
1 info using npm@10.9.0
2 info using node@v22.3.0
3 silly config load:file:C:\Users\tawik\AppData\Roaming\npm\node_modules\npm\npmrc
4 silly config load:file:C:\Users\tawik\Herd\my-project\.npmrc
5 silly config load:file:C:\Users\tawik\.npmrc
6 silly config load:file:C:\Users\tawik\AppData\Roaming\npm\etc\npmrc
7 verbose title npm install
8 verbose argv "install"
9 verbose logfile logs-max:10 dir:C:\Users\tawik\Herd\my-project\tempnpm-cache\_logs\2025-03-11T11_00_01_818Z-
10 verbose logfile C:\Users\tawik\Herd\my-project\tempnpm-cache\_logs\2025-03-11T11_00_01_818Z-debug-0.log
11 silly logfile done cleaning log files
12 silly packumentCache heap:2197815296 maxSize:549453824 maxEntrySize:274726912
13 silly idealTree buildDeps
14 silly reify moves {}
15 silly audit bulk request {
15 silly audit   '@esbuild/aix-ppc64': [ '0.25.0' ],
15 silly audit   '@esbuild/android-arm': [ '0.25.0' ],
15 silly audit   '@esbuild/android-arm64': [ '0.25.0' ],
15 silly audit   '@esbuild/android-x64': [ '0.25.0' ],
15 silly audit   '@esbuild/darwin-arm64': [ '0.25.0' ],
15 silly audit   '@esbuild/darwin-x64': [ '0.25.0' ],
15 silly audit   '@esbuild/freebsd-arm64': [ '0.25.0' ],
15 silly audit   '@esbuild/freebsd-x64': [ '0.25.0' ],
15 silly audit   '@esbuild/linux-arm': [ '0.25.0' ],
15 silly audit   '@esbuild/linux-arm64': [ '0.25.0' ],
15 silly audit   '@esbuild/linux-ia32': [ '0.25.0' ],
15 silly audit   '@esbuild/linux-loong64': [ '0.25.0' ],
15 silly audit   '@esbuild/linux-mips64el': [ '0.25.0' ],
15 silly audit   '@esbuild/linux-ppc64': [ '0.25.0' ],
15 silly audit   '@esbuild/linux-riscv64': [ '0.25.0' ],
15 silly audit   '@esbuild/linux-s390x': [ '0.25.0' ],
15 silly audit   '@esbuild/linux-x64': [ '0.25.0' ],
15 silly audit   '@esbuild/netbsd-arm64': [ '0.25.0' ],
15 silly audit   '@esbuild/netbsd-x64': [ '0.25.0' ],
15 silly audit   '@esbuild/openbsd-arm64': [ '0.25.0' ],
15 silly audit   '@esbuild/openbsd-x64': [ '0.25.0' ],
15 silly audit   '@esbuild/sunos-x64': [ '0.25.0' ],
15 silly audit   '@esbuild/win32-arm64': [ '0.25.0' ],
15 silly audit   '@esbuild/win32-ia32': [ '0.25.0' ],
15 silly audit   '@esbuild/win32-x64': [ '0.25.0' ],
15 silly audit   '@rollup/rollup-android-arm-eabi': [ '4.34.8' ],
15 silly audit   '@rollup/rollup-android-arm64': [ '4.34.8' ],
15 silly audit   '@rollup/rollup-darwin-arm64': [ '4.34.8' ],
15 silly audit   '@rollup/rollup-darwin-x64': [ '4.34.8' ],
15 silly audit   '@rollup/rollup-freebsd-arm64': [ '4.34.8' ],
15 silly audit   '@rollup/rollup-freebsd-x64': [ '4.34.8' ],
15 silly audit   '@rollup/rollup-linux-arm-gnueabihf': [ '4.34.8' ],
15 silly audit   '@rollup/rollup-linux-arm-musleabihf': [ '4.34.8' ],
15 silly audit   '@rollup/rollup-linux-arm64-gnu': [ '4.34.8' ],
15 silly audit   '@rollup/rollup-linux-arm64-musl': [ '4.34.8' ],
15 silly audit   '@rollup/rollup-linux-loongarch64-gnu': [ '4.34.8' ],
15 silly audit   '@rollup/rollup-linux-powerpc64le-gnu': [ '4.34.8' ],
15 silly audit   '@rollup/rollup-linux-riscv64-gnu': [ '4.34.8' ],
15 silly audit   '@rollup/rollup-linux-s390x-gnu': [ '4.34.8' ],
15 silly audit   '@rollup/rollup-linux-x64-gnu': [ '4.9.5', '4.34.8' ],
15 silly audit   '@rollup/rollup-linux-x64-musl': [ '4.34.8' ],
15 silly audit   '@rollup/rollup-win32-arm64-msvc': [ '4.34.8' ],
15 silly audit   '@rollup/rollup-win32-ia32-msvc': [ '4.34.8' ],
15 silly audit   '@rollup/rollup-win32-x64-msvc': [ '4.34.8' ],
15 silly audit   '@tailwindcss/node': [ '4.0.8' ],
15 silly audit   '@tailwindcss/oxide': [ '4.0.8' ],
15 silly audit   '@tailwindcss/oxide-android-arm64': [ '4.0.8' ],
15 silly audit   '@tailwindcss/oxide-darwin-arm64': [ '4.0.8' ],
15 silly audit   '@tailwindcss/oxide-darwin-x64': [ '4.0.8' ],
15 silly audit   '@tailwindcss/oxide-freebsd-x64': [ '4.0.8' ],
15 silly audit   '@tailwindcss/oxide-linux-arm-gnueabihf': [ '4.0.8' ],
15 silly audit   '@tailwindcss/oxide-linux-arm64-gnu': [ '4.0.8' ],
15 silly audit   '@tailwindcss/oxide-linux-arm64-musl': [ '4.0.8' ],
15 silly audit   '@tailwindcss/oxide-linux-x64-gnu': [ '4.0.8' ],
15 silly audit   '@tailwindcss/oxide-linux-x64-musl': [ '4.0.8' ],
15 silly audit   '@tailwindcss/oxide-win32-arm64-msvc': [ '4.0.8' ],
15 silly audit   '@tailwindcss/oxide-win32-x64-msvc': [ '4.0.8' ],
15 silly audit   '@tailwindcss/vite': [ '4.0.8' ],
15 silly audit   '@types/estree': [ '1.0.6' ],
15 silly audit   'ansi-regex': [ '5.0.1' ],
15 silly audit   'ansi-styles': [ '4.3.0' ],
15 silly audit   asynckit: [ '0.4.0' ],
15 silly audit   autoprefixer: [ '10.4.20' ],
15 silly audit   axios: [ '1.7.9' ],
15 silly audit   browserslist: [ '4.24.4' ],
15 silly audit   'call-bind-apply-helpers': [ '1.0.2' ],
15 silly audit   'caniuse-lite': [ '1.0.30001700' ],
15 silly audit   chalk: [ '4.1.2' ],
15 silly audit   'supports-color': [ '7.2.0', '8.1.1' ],
15 silly audit   cliui: [ '8.0.1' ],
15 silly audit   'color-convert': [ '2.0.1' ],
15 silly audit   'color-name': [ '1.1.4' ],
15 silly audit   'combined-stream': [ '1.0.8' ],
15 silly audit   concurrently: [ '9.1.2' ],
15 silly audit   'delayed-stream': [ '1.0.0' ],
15 silly audit   'detect-libc': [ '1.0.3' ],
15 silly audit   'dunder-proto': [ '1.0.1' ],
15 silly audit   'electron-to-chromium': [ '1.5.103' ],
15 silly audit   'emoji-regex': [ '8.0.0' ],
15 silly audit   'enhanced-resolve': [ '5.18.1' ],
15 silly audit   'es-define-property': [ '1.0.1' ],
15 silly audit   'es-errors': [ '1.3.0' ],
15 silly audit   'es-object-atoms': [ '1.1.1' ],
15 silly audit   'es-set-tostringtag': [ '2.1.0' ],
15 silly audit   esbuild: [ '0.25.0' ],
15 silly audit   escalade: [ '3.2.0' ],
15 silly audit   'follow-redirects': [ '1.15.9' ],
15 silly audit   'form-data': [ '4.0.2' ],
15 silly audit   'fraction.js': [ '4.3.7' ],
15 silly audit   fsevents: [ '2.3.3' ],
15 silly audit   'function-bind': [ '1.1.2' ],
15 silly audit   'get-caller-file': [ '2.0.5' ],
15 silly audit   'get-intrinsic': [ '1.3.0' ],
15 silly audit   'get-proto': [ '1.0.1' ],
15 silly audit   gopd: [ '1.2.0' ],
15 silly audit   'graceful-fs': [ '4.2.11' ],
15 silly audit   'has-flag': [ '4.0.0' ],
15 silly audit   'has-symbols': [ '1.1.0' ],
15 silly audit   'has-tostringtag': [ '1.0.2' ],
15 silly audit   hasown: [ '2.0.2' ],
15 silly audit   'is-fullwidth-code-point': [ '3.0.0' ],
15 silly audit   jiti: [ '2.4.2' ],
15 silly audit   'laravel-vite-plugin': [ '1.2.0' ],
15 silly audit   lightningcss: [ '1.29.1' ],
15 silly audit   'lightningcss-darwin-arm64': [ '1.29.1' ],
15 silly audit   'lightningcss-darwin-x64': [ '1.29.1' ],
15 silly audit   'lightningcss-freebsd-x64': [ '1.29.1' ],
15 silly audit   'lightningcss-linux-arm-gnueabihf': [ '1.29.1' ],
15 silly audit   'lightningcss-linux-arm64-gnu': [ '1.29.1' ],
15 silly audit   'lightningcss-linux-arm64-musl': [ '1.29.1' ],
15 silly audit   'lightningcss-linux-x64-gnu': [ '1.29.1' ],
15 silly audit   'lightningcss-linux-x64-musl': [ '1.29.1' ],
15 silly audit   'lightningcss-win32-arm64-msvc': [ '1.29.1' ],
15 silly audit   'lightningcss-win32-x64-msvc': [ '1.29.1' ],
15 silly audit   lodash: [ '4.17.21' ],
15 silly audit   'math-intrinsics': [ '1.1.0' ],
15 silly audit   'mime-db': [ '1.52.0' ],
15 silly audit   'mime-types': [ '2.1.35' ],
15 silly audit   nanoid: [ '3.3.8' ],
15 silly audit   'node-releases': [ '2.0.19' ],
15 silly audit   'normalize-range': [ '0.1.2' ],
15 silly audit   picocolors: [ '1.1.1' ],
15 silly audit   picomatch: [ '2.3.1' ],
15 silly audit   postcss: [ '8.5.3' ],
15 silly audit   'postcss-value-parser': [ '4.2.0' ],
15 silly audit   'proxy-from-env': [ '1.1.0' ],
15 silly audit   'require-directory': [ '2.1.1' ],
15 silly audit   rollup: [ '4.34.8' ],
15 silly audit   rxjs: [ '7.8.2' ],
15 silly audit   'shell-quote': [ '1.8.2' ],
15 silly audit   'source-map-js': [ '1.2.1' ],
15 silly audit   'string-width': [ '4.2.3' ],
15 silly audit   'strip-ansi': [ '6.0.1' ],
15 silly audit   tailwindcss: [ '4.0.8' ],
15 silly audit   tapable: [ '2.2.1' ],
15 silly audit   'tree-kill': [ '1.2.2' ],
15 silly audit   tslib: [ '2.8.1' ],
15 silly audit   'update-browserslist-db': [ '1.1.2' ],
15 silly audit   vite: [ '6.2.0' ],
15 silly audit   'vite-plugin-full-reload': [ '1.2.0' ],
15 silly audit   'wrap-ansi': [ '7.0.0' ],
15 silly audit   y18n: [ '5.0.8' ],
15 silly audit   yargs: [ '17.7.2' ],
15 silly audit   'yargs-parser': [ '21.1.1' ]
15 silly audit }
16 verbose reify failed optional dependency C:\Users\tawik\Herd\my-project\node_modules\rollup\node_modules\@rollup\rollup-linux-x64-gnu
17 silly reify mark deleted [
17 silly reify   'C:\\Users\\tawik\\Herd\\my-project\\node_modules\\rollup\\node_modules\\@rollup\\rollup-linux-x64-gnu'
17 silly reify ]
18 verbose reify failed optional dependency C:\Users\tawik\Herd\my-project\node_modules\lightningcss-win32-arm64-msvc
19 silly reify mark deleted [
19 silly reify   'C:\\Users\\tawik\\Herd\\my-project\\node_modules\\lightningcss-win32-arm64-msvc'
19 silly reify ]
20 verbose reify failed optional dependency C:\Users\tawik\Herd\my-project\node_modules\lightningcss-linux-x64-musl
21 silly reify mark deleted [
21 silly reify   'C:\\Users\\tawik\\Herd\\my-project\\node_modules\\lightningcss-linux-x64-musl'
21 silly reify ]
22 verbose reify failed optional dependency C:\Users\tawik\Herd\my-project\node_modules\lightningcss-linux-x64-gnu
23 silly reify mark deleted [
23 silly reify   'C:\\Users\\tawik\\Herd\\my-project\\node_modules\\lightningcss-linux-x64-gnu'
23 silly reify ]
24 verbose reify failed optional dependency C:\Users\tawik\Herd\my-project\node_modules\lightningcss-linux-arm64-musl
25 silly reify mark deleted [
25 silly reify   'C:\\Users\\tawik\\Herd\\my-project\\node_modules\\lightningcss-linux-arm64-musl'
25 silly reify ]
26 verbose reify failed optional dependency C:\Users\tawik\Herd\my-project\node_modules\lightningcss-linux-arm64-gnu
27 silly reify mark deleted [
27 silly reify   'C:\\Users\\tawik\\Herd\\my-project\\node_modules\\lightningcss-linux-arm64-gnu'
27 silly reify ]
28 verbose reify failed optional dependency C:\Users\tawik\Herd\my-project\node_modules\lightningcss-linux-arm-gnueabihf
29 silly reify mark deleted [
29 silly reify   'C:\\Users\\tawik\\Herd\\my-project\\node_modules\\lightningcss-linux-arm-gnueabihf'
29 silly reify ]
30 verbose reify failed optional dependency C:\Users\tawik\Herd\my-project\node_modules\lightningcss-freebsd-x64
31 silly reify mark deleted [
31 silly reify   'C:\\Users\\tawik\\Herd\\my-project\\node_modules\\lightningcss-freebsd-x64'
31 silly reify ]
32 verbose reify failed optional dependency C:\Users\tawik\Herd\my-project\node_modules\lightningcss-darwin-x64
33 silly reify mark deleted [
33 silly reify   'C:\\Users\\tawik\\Herd\\my-project\\node_modules\\lightningcss-darwin-x64'
33 silly reify ]
34 verbose reify failed optional dependency C:\Users\tawik\Herd\my-project\node_modules\lightningcss-darwin-arm64
35 silly reify mark deleted [
35 silly reify   'C:\\Users\\tawik\\Herd\\my-project\\node_modules\\lightningcss-darwin-arm64'
35 silly reify ]
36 verbose reify failed optional dependency C:\Users\tawik\Herd\my-project\node_modules\fsevents
37 silly reify mark deleted [ 'C:\\Users\\tawik\\Herd\\my-project\\node_modules\\fsevents' ]
38 verbose reify failed optional dependency C:\Users\tawik\Herd\my-project\node_modules\@tailwindcss\oxide-win32-arm64-msvc
39 silly reify mark deleted [
39 silly reify   'C:\\Users\\tawik\\Herd\\my-project\\node_modules\\@tailwindcss\\oxide-win32-arm64-msvc'
39 silly reify ]
40 verbose reify failed optional dependency C:\Users\tawik\Herd\my-project\node_modules\@tailwindcss\oxide-linux-x64-musl
41 silly reify mark deleted [
41 silly reify   'C:\\Users\\tawik\\Herd\\my-project\\node_modules\\@tailwindcss\\oxide-linux-x64-musl'
41 silly reify ]
42 verbose reify failed optional dependency C:\Users\tawik\Herd\my-project\node_modules\@tailwindcss\oxide-linux-x64-gnu
43 silly reify mark deleted [
43 silly reify   'C:\\Users\\tawik\\Herd\\my-project\\node_modules\\@tailwindcss\\oxide-linux-x64-gnu'
43 silly reify ]
44 verbose reify failed optional dependency C:\Users\tawik\Herd\my-project\node_modules\@tailwindcss\oxide-linux-arm64-musl
45 silly reify mark deleted [
45 silly reify   'C:\\Users\\tawik\\Herd\\my-project\\node_modules\\@tailwindcss\\oxide-linux-arm64-musl'
45 silly reify ]
46 verbose reify failed optional dependency C:\Users\tawik\Herd\my-project\node_modules\@tailwindcss\oxide-linux-arm64-gnu
47 silly reify mark deleted [
47 silly reify   'C:\\Users\\tawik\\Herd\\my-project\\node_modules\\@tailwindcss\\oxide-linux-arm64-gnu'
47 silly reify ]
48 verbose reify failed optional dependency C:\Users\tawik\Herd\my-project\node_modules\@tailwindcss\oxide-linux-arm-gnueabihf
49 silly reify mark deleted [
49 silly reify   'C:\\Users\\tawik\\Herd\\my-project\\node_modules\\@tailwindcss\\oxide-linux-arm-gnueabihf'
49 silly reify ]
50 verbose reify failed optional dependency C:\Users\tawik\Herd\my-project\node_modules\@tailwindcss\oxide-freebsd-x64
51 silly reify mark deleted [
51 silly reify   'C:\\Users\\tawik\\Herd\\my-project\\node_modules\\@tailwindcss\\oxide-freebsd-x64'
51 silly reify ]
52 verbose reify failed optional dependency C:\Users\tawik\Herd\my-project\node_modules\@tailwindcss\oxide-darwin-x64
53 silly reify mark deleted [
53 silly reify   'C:\\Users\\tawik\\Herd\\my-project\\node_modules\\@tailwindcss\\oxide-darwin-x64'
53 silly reify ]
54 verbose reify failed optional dependency C:\Users\tawik\Herd\my-project\node_modules\@tailwindcss\oxide-darwin-arm64
55 silly reify mark deleted [
55 silly reify   'C:\\Users\\tawik\\Herd\\my-project\\node_modules\\@tailwindcss\\oxide-darwin-arm64'
55 silly reify ]
56 verbose reify failed optional dependency C:\Users\tawik\Herd\my-project\node_modules\@tailwindcss\oxide-android-arm64
57 silly reify mark deleted [
57 silly reify   'C:\\Users\\tawik\\Herd\\my-project\\node_modules\\@tailwindcss\\oxide-android-arm64'
57 silly reify ]
58 verbose reify failed optional dependency C:\Users\tawik\Herd\my-project\node_modules\@rollup\rollup-win32-ia32-msvc
59 silly reify mark deleted [
59 silly reify   'C:\\Users\\tawik\\Herd\\my-project\\node_modules\\@rollup\\rollup-win32-ia32-msvc'
59 silly reify ]
60 verbose reify failed optional dependency C:\Users\tawik\Herd\my-project\node_modules\@rollup\rollup-win32-arm64-msvc
61 silly reify mark deleted [
61 silly reify   'C:\\Users\\tawik\\Herd\\my-project\\node_modules\\@rollup\\rollup-win32-arm64-msvc'
61 silly reify ]
62 verbose reify failed optional dependency C:\Users\tawik\Herd\my-project\node_modules\@rollup\rollup-linux-x64-musl
63 silly reify mark deleted [
63 silly reify   'C:\\Users\\tawik\\Herd\\my-project\\node_modules\\@rollup\\rollup-linux-x64-musl'
63 silly reify ]
64 verbose reify failed optional dependency C:\Users\tawik\Herd\my-project\node_modules\@rollup\rollup-linux-x64-gnu
65 silly reify mark deleted [
65 silly reify   'C:\\Users\\tawik\\Herd\\my-project\\node_modules\\@rollup\\rollup-linux-x64-gnu'
65 silly reify ]
66 verbose reify failed optional dependency C:\Users\tawik\Herd\my-project\node_modules\@rollup\rollup-linux-s390x-gnu
67 silly reify mark deleted [
67 silly reify   'C:\\Users\\tawik\\Herd\\my-project\\node_modules\\@rollup\\rollup-linux-s390x-gnu'
67 silly reify ]
68 verbose reify failed optional dependency C:\Users\tawik\Herd\my-project\node_modules\@rollup\rollup-linux-riscv64-gnu
69 silly reify mark deleted [
69 silly reify   'C:\\Users\\tawik\\Herd\\my-project\\node_modules\\@rollup\\rollup-linux-riscv64-gnu'
69 silly reify ]
70 verbose reify failed optional dependency C:\Users\tawik\Herd\my-project\node_modules\@rollup\rollup-linux-powerpc64le-gnu
71 silly reify mark deleted [
71 silly reify   'C:\\Users\\tawik\\Herd\\my-project\\node_modules\\@rollup\\rollup-linux-powerpc64le-gnu'
71 silly reify ]
72 verbose reify failed optional dependency C:\Users\tawik\Herd\my-project\node_modules\@rollup\rollup-linux-loongarch64-gnu
73 silly reify mark deleted [
73 silly reify   'C:\\Users\\tawik\\Herd\\my-project\\node_modules\\@rollup\\rollup-linux-loongarch64-gnu'
73 silly reify ]
74 verbose reify failed optional dependency C:\Users\tawik\Herd\my-project\node_modules\@rollup\rollup-linux-arm64-musl
75 silly reify mark deleted [
75 silly reify   'C:\\Users\\tawik\\Herd\\my-project\\node_modules\\@rollup\\rollup-linux-arm64-musl'
75 silly reify ]
76 verbose reify failed optional dependency C:\Users\tawik\Herd\my-project\node_modules\@rollup\rollup-linux-arm64-gnu
77 silly reify mark deleted [
77 silly reify   'C:\\Users\\tawik\\Herd\\my-project\\node_modules\\@rollup\\rollup-linux-arm64-gnu'
77 silly reify ]
78 verbose reify failed optional dependency C:\Users\tawik\Herd\my-project\node_modules\@rollup\rollup-linux-arm-musleabihf
79 silly reify mark deleted [
79 silly reify   'C:\\Users\\tawik\\Herd\\my-project\\node_modules\\@rollup\\rollup-linux-arm-musleabihf'
79 silly reify ]
80 verbose reify failed optional dependency C:\Users\tawik\Herd\my-project\node_modules\@rollup\rollup-linux-arm-gnueabihf
81 silly reify mark deleted [
81 silly reify   'C:\\Users\\tawik\\Herd\\my-project\\node_modules\\@rollup\\rollup-linux-arm-gnueabihf'
81 silly reify ]
82 verbose reify failed optional dependency C:\Users\tawik\Herd\my-project\node_modules\@rollup\rollup-freebsd-x64
83 silly reify mark deleted [
83 silly reify   'C:\\Users\\tawik\\Herd\\my-project\\node_modules\\@rollup\\rollup-freebsd-x64'
83 silly reify ]
84 verbose reify failed optional dependency C:\Users\tawik\Herd\my-project\node_modules\@rollup\rollup-freebsd-arm64
85 silly reify mark deleted [
85 silly reify   'C:\\Users\\tawik\\Herd\\my-project\\node_modules\\@rollup\\rollup-freebsd-arm64'
85 silly reify ]
86 verbose reify failed optional dependency C:\Users\tawik\Herd\my-project\node_modules\@rollup\rollup-darwin-x64
87 silly reify mark deleted [
87 silly reify   'C:\\Users\\tawik\\Herd\\my-project\\node_modules\\@rollup\\rollup-darwin-x64'
87 silly reify ]
88 verbose reify failed optional dependency C:\Users\tawik\Herd\my-project\node_modules\@rollup\rollup-darwin-arm64
89 silly reify mark deleted [
89 silly reify   'C:\\Users\\tawik\\Herd\\my-project\\node_modules\\@rollup\\rollup-darwin-arm64'
89 silly reify ]
90 verbose reify failed optional dependency C:\Users\tawik\Herd\my-project\node_modules\@rollup\rollup-android-arm64
91 silly reify mark deleted [
91 silly reify   'C:\\Users\\tawik\\Herd\\my-project\\node_modules\\@rollup\\rollup-android-arm64'
91 silly reify ]
92 verbose reify failed optional dependency C:\Users\tawik\Herd\my-project\node_modules\@rollup\rollup-android-arm-eabi
93 silly reify mark deleted [
93 silly reify   'C:\\Users\\tawik\\Herd\\my-project\\node_modules\\@rollup\\rollup-android-arm-eabi'
93 silly reify ]
94 verbose reify failed optional dependency C:\Users\tawik\Herd\my-project\node_modules\@esbuild\win32-ia32
95 silly reify mark deleted [
95 silly reify   'C:\\Users\\tawik\\Herd\\my-project\\node_modules\\@esbuild\\win32-ia32'
95 silly reify ]
96 verbose reify failed optional dependency C:\Users\tawik\Herd\my-project\node_modules\@esbuild\win32-arm64
97 silly reify mark deleted [
97 silly reify   'C:\\Users\\tawik\\Herd\\my-project\\node_modules\\@esbuild\\win32-arm64'
97 silly reify ]
98 verbose reify failed optional dependency C:\Users\tawik\Herd\my-project\node_modules\@esbuild\sunos-x64
99 silly reify mark deleted [
99 silly reify   'C:\\Users\\tawik\\Herd\\my-project\\node_modules\\@esbuild\\sunos-x64'
99 silly reify ]
100 verbose reify failed optional dependency C:\Users\tawik\Herd\my-project\node_modules\@esbuild\openbsd-x64
101 silly reify mark deleted [
101 silly reify   'C:\\Users\\tawik\\Herd\\my-project\\node_modules\\@esbuild\\openbsd-x64'
101 silly reify ]
102 verbose reify failed optional dependency C:\Users\tawik\Herd\my-project\node_modules\@esbuild\openbsd-arm64
103 silly reify mark deleted [
103 silly reify   'C:\\Users\\tawik\\Herd\\my-project\\node_modules\\@esbuild\\openbsd-arm64'
103 silly reify ]
104 verbose reify failed optional dependency C:\Users\tawik\Herd\my-project\node_modules\@esbuild\netbsd-x64
105 silly reify mark deleted [
105 silly reify   'C:\\Users\\tawik\\Herd\\my-project\\node_modules\\@esbuild\\netbsd-x64'
105 silly reify ]
106 verbose reify failed optional dependency C:\Users\tawik\Herd\my-project\node_modules\@esbuild\netbsd-arm64
107 silly reify mark deleted [
107 silly reify   'C:\\Users\\tawik\\Herd\\my-project\\node_modules\\@esbuild\\netbsd-arm64'
107 silly reify ]
108 verbose reify failed optional dependency C:\Users\tawik\Herd\my-project\node_modules\@esbuild\linux-x64
109 silly reify mark deleted [
109 silly reify   'C:\\Users\\tawik\\Herd\\my-project\\node_modules\\@esbuild\\linux-x64'
109 silly reify ]
110 verbose reify failed optional dependency C:\Users\tawik\Herd\my-project\node_modules\@esbuild\linux-s390x
111 silly reify mark deleted [
111 silly reify   'C:\\Users\\tawik\\Herd\\my-project\\node_modules\\@esbuild\\linux-s390x'
111 silly reify ]
112 verbose reify failed optional dependency C:\Users\tawik\Herd\my-project\node_modules\@esbuild\linux-riscv64
113 silly reify mark deleted [
113 silly reify   'C:\\Users\\tawik\\Herd\\my-project\\node_modules\\@esbuild\\linux-riscv64'
113 silly reify ]
114 verbose reify failed optional dependency C:\Users\tawik\Herd\my-project\node_modules\@esbuild\linux-ppc64
115 silly reify mark deleted [
115 silly reify   'C:\\Users\\tawik\\Herd\\my-project\\node_modules\\@esbuild\\linux-ppc64'
115 silly reify ]
116 verbose reify failed optional dependency C:\Users\tawik\Herd\my-project\node_modules\@esbuild\linux-mips64el
117 silly reify mark deleted [
117 silly reify   'C:\\Users\\tawik\\Herd\\my-project\\node_modules\\@esbuild\\linux-mips64el'
117 silly reify ]
118 verbose reify failed optional dependency C:\Users\tawik\Herd\my-project\node_modules\@esbuild\linux-loong64
119 silly reify mark deleted [
119 silly reify   'C:\\Users\\tawik\\Herd\\my-project\\node_modules\\@esbuild\\linux-loong64'
119 silly reify ]
120 verbose reify failed optional dependency C:\Users\tawik\Herd\my-project\node_modules\@esbuild\linux-ia32
121 silly reify mark deleted [
121 silly reify   'C:\\Users\\tawik\\Herd\\my-project\\node_modules\\@esbuild\\linux-ia32'
121 silly reify ]
122 verbose reify failed optional dependency C:\Users\tawik\Herd\my-project\node_modules\@esbuild\linux-arm64
123 silly reify mark deleted [
123 silly reify   'C:\\Users\\tawik\\Herd\\my-project\\node_modules\\@esbuild\\linux-arm64'
123 silly reify ]
124 verbose reify failed optional dependency C:\Users\tawik\Herd\my-project\node_modules\@esbuild\linux-arm
125 silly reify mark deleted [
125 silly reify   'C:\\Users\\tawik\\Herd\\my-project\\node_modules\\@esbuild\\linux-arm'
125 silly reify ]
126 verbose reify failed optional dependency C:\Users\tawik\Herd\my-project\node_modules\@esbuild\freebsd-x64
127 silly reify mark deleted [
127 silly reify   'C:\\Users\\tawik\\Herd\\my-project\\node_modules\\@esbuild\\freebsd-x64'
127 silly reify ]
128 verbose reify failed optional dependency C:\Users\tawik\Herd\my-project\node_modules\@esbuild\freebsd-arm64
129 silly reify mark deleted [
129 silly reify   'C:\\Users\\tawik\\Herd\\my-project\\node_modules\\@esbuild\\freebsd-arm64'
129 silly reify ]
130 verbose reify failed optional dependency C:\Users\tawik\Herd\my-project\node_modules\@esbuild\darwin-x64
131 silly reify mark deleted [
131 silly reify   'C:\\Users\\tawik\\Herd\\my-project\\node_modules\\@esbuild\\darwin-x64'
131 silly reify ]
132 verbose reify failed optional dependency C:\Users\tawik\Herd\my-project\node_modules\@esbuild\darwin-arm64
133 silly reify mark deleted [
133 silly reify   'C:\\Users\\tawik\\Herd\\my-project\\node_modules\\@esbuild\\darwin-arm64'
133 silly reify ]
134 verbose reify failed optional dependency C:\Users\tawik\Herd\my-project\node_modules\@esbuild\android-x64
135 silly reify mark deleted [
135 silly reify   'C:\\Users\\tawik\\Herd\\my-project\\node_modules\\@esbuild\\android-x64'
135 silly reify ]
136 verbose reify failed optional dependency C:\Users\tawik\Herd\my-project\node_modules\@esbuild\android-arm64
137 silly reify mark deleted [
137 silly reify   'C:\\Users\\tawik\\Herd\\my-project\\node_modules\\@esbuild\\android-arm64'
137 silly reify ]
138 verbose reify failed optional dependency C:\Users\tawik\Herd\my-project\node_modules\@esbuild\android-arm
139 silly reify mark deleted [
139 silly reify   'C:\\Users\\tawik\\Herd\\my-project\\node_modules\\@esbuild\\android-arm'
139 silly reify ]
140 verbose reify failed optional dependency C:\Users\tawik\Herd\my-project\node_modules\@esbuild\aix-ppc64
141 silly reify mark deleted [
141 silly reify   'C:\\Users\\tawik\\Herd\\my-project\\node_modules\\@esbuild\\aix-ppc64'
141 silly reify ]
142 silly tarball no local data for yargs-parser@https://registry.npmjs.org/yargs-parser/-/yargs-parser-21.1.1.tgz. Extracting by manifest.
143 silly tarball no local data for yargs@https://registry.npmjs.org/yargs/-/yargs-17.7.2.tgz. Extracting by manifest.
144 silly tarball no local data for y18n@https://registry.npmjs.org/y18n/-/y18n-5.0.8.tgz. Extracting by manifest.
145 silly tarball no local data for wrap-ansi@https://registry.npmjs.org/wrap-ansi/-/wrap-ansi-7.0.0.tgz. Extracting by manifest.
146 silly tarball no local data for vite-plugin-full-reload@https://registry.npmjs.org/vite-plugin-full-reload/-/vite-plugin-full-reload-1.2.0.tgz. Extracting by manifest.
147 silly tarball no local data for vite@https://registry.npmjs.org/vite/-/vite-6.2.0.tgz. Extracting by manifest.
148 silly tarball no local data for update-browserslist-db@https://registry.npmjs.org/update-browserslist-db/-/update-browserslist-db-1.1.2.tgz. Extracting by manifest.
149 silly tarball no local data for tslib@https://registry.npmjs.org/tslib/-/tslib-2.8.1.tgz. Extracting by manifest.
150 silly tarball no local data for tree-kill@https://registry.npmjs.org/tree-kill/-/tree-kill-1.2.2.tgz. Extracting by manifest.
151 silly tarball no local data for tapable@https://registry.npmjs.org/tapable/-/tapable-2.2.1.tgz. Extracting by manifest.
152 silly tarball no local data for tailwindcss@https://registry.npmjs.org/tailwindcss/-/tailwindcss-4.0.8.tgz. Extracting by manifest.
153 silly tarball no local data for supports-color@https://registry.npmjs.org/supports-color/-/supports-color-8.1.1.tgz. Extracting by manifest.
154 silly tarball no local data for strip-ansi@https://registry.npmjs.org/strip-ansi/-/strip-ansi-6.0.1.tgz. Extracting by manifest.
155 silly tarball no local data for string-width@https://registry.npmjs.org/string-width/-/string-width-4.2.3.tgz. Extracting by manifest.
156 silly tarball no local data for source-map-js@https://registry.npmjs.org/source-map-js/-/source-map-js-1.2.1.tgz. Extracting by manifest.
157 silly tarball no local data for shell-quote@https://registry.npmjs.org/shell-quote/-/shell-quote-1.8.2.tgz. Extracting by manifest.
158 silly tarball no local data for rxjs@https://registry.npmjs.org/rxjs/-/rxjs-7.8.2.tgz. Extracting by manifest.
159 silly tarball no local data for rollup@https://registry.npmjs.org/rollup/-/rollup-4.34.8.tgz. Extracting by manifest.
160 silly tarball no local data for require-directory@https://registry.npmjs.org/require-directory/-/require-directory-2.1.1.tgz. Extracting by manifest.
161 silly tarball no local data for proxy-from-env@https://registry.npmjs.org/proxy-from-env/-/proxy-from-env-1.1.0.tgz. Extracting by manifest.
162 silly tarball no local data for postcss-value-parser@https://registry.npmjs.org/postcss-value-parser/-/postcss-value-parser-4.2.0.tgz. Extracting by manifest.
163 silly tarball no local data for postcss@https://registry.npmjs.org/postcss/-/postcss-8.5.3.tgz. Extracting by manifest.
164 silly tarball no local data for picomatch@https://registry.npmjs.org/picomatch/-/picomatch-2.3.1.tgz. Extracting by manifest.
165 silly tarball no local data for normalize-range@https://registry.npmjs.org/normalize-range/-/normalize-range-0.1.2.tgz. Extracting by manifest.
166 silly tarball no local data for picocolors@https://registry.npmjs.org/picocolors/-/picocolors-1.1.1.tgz. Extracting by manifest.
167 silly tarball no local data for node-releases@https://registry.npmjs.org/node-releases/-/node-releases-2.0.19.tgz. Extracting by manifest.
168 silly tarball no local data for nanoid@https://registry.npmjs.org/nanoid/-/nanoid-3.3.8.tgz. Extracting by manifest.
169 silly tarball no local data for mime-types@https://registry.npmjs.org/mime-types/-/mime-types-2.1.35.tgz. Extracting by manifest.
170 silly tarball no local data for mime-db@https://registry.npmjs.org/mime-db/-/mime-db-1.52.0.tgz. Extracting by manifest.
171 silly tarball no local data for math-intrinsics@https://registry.npmjs.org/math-intrinsics/-/math-intrinsics-1.1.0.tgz. Extracting by manifest.
172 silly tarball no local data for lodash@https://registry.npmjs.org/lodash/-/lodash-4.17.21.tgz. Extracting by manifest.
173 silly tarball no local data for lightningcss-win32-x64-msvc@https://registry.npmjs.org/lightningcss-win32-x64-msvc/-/lightningcss-win32-x64-msvc-1.29.1.tgz. Extracting by manifest.
174 silly tarball no local data for lightningcss@https://registry.npmjs.org/lightningcss/-/lightningcss-1.29.1.tgz. Extracting by manifest.
175 silly tarball no local data for laravel-vite-plugin@https://registry.npmjs.org/laravel-vite-plugin/-/laravel-vite-plugin-1.2.0.tgz. Extracting by manifest.
176 silly tarball no local data for jiti@https://registry.npmjs.org/jiti/-/jiti-2.4.2.tgz. Extracting by manifest.
177 silly tarball no local data for is-fullwidth-code-point@https://registry.npmjs.org/is-fullwidth-code-point/-/is-fullwidth-code-point-3.0.0.tgz. Extracting by manifest.
178 silly tarball no local data for hasown@https://registry.npmjs.org/hasown/-/hasown-2.0.2.tgz. Extracting by manifest.
179 silly tarball no local data for has-tostringtag@https://registry.npmjs.org/has-tostringtag/-/has-tostringtag-1.0.2.tgz. Extracting by manifest.
180 silly tarball no local data for has-symbols@https://registry.npmjs.org/has-symbols/-/has-symbols-1.1.0.tgz. Extracting by manifest.
181 silly tarball no local data for has-flag@https://registry.npmjs.org/has-flag/-/has-flag-4.0.0.tgz. Extracting by manifest.
182 silly tarball no local data for graceful-fs@https://registry.npmjs.org/graceful-fs/-/graceful-fs-4.2.11.tgz. Extracting by manifest.
183 silly tarball no local data for gopd@https://registry.npmjs.org/gopd/-/gopd-1.2.0.tgz. Extracting by manifest.
184 silly tarball no local data for get-proto@https://registry.npmjs.org/get-proto/-/get-proto-1.0.1.tgz. Extracting by manifest.
185 silly tarball no local data for get-intrinsic@https://registry.npmjs.org/get-intrinsic/-/get-intrinsic-1.3.0.tgz. Extracting by manifest.
186 silly tarball no local data for get-caller-file@https://registry.npmjs.org/get-caller-file/-/get-caller-file-2.0.5.tgz. Extracting by manifest.
187 silly tarball no local data for function-bind@https://registry.npmjs.org/function-bind/-/function-bind-1.1.2.tgz. Extracting by manifest.
188 silly tarball no local data for fraction.js@https://registry.npmjs.org/fraction.js/-/fraction.js-4.3.7.tgz. Extracting by manifest.
189 silly tarball no local data for form-data@https://registry.npmjs.org/form-data/-/form-data-4.0.2.tgz. Extracting by manifest.
190 silly tarball no local data for follow-redirects@https://registry.npmjs.org/follow-redirects/-/follow-redirects-1.15.9.tgz. Extracting by manifest.
191 silly tarball no local data for escalade@https://registry.npmjs.org/escalade/-/escalade-3.2.0.tgz. Extracting by manifest.
192 silly tarball no local data for esbuild@https://registry.npmjs.org/esbuild/-/esbuild-0.25.0.tgz. Extracting by manifest.
193 silly tarball no local data for es-set-tostringtag@https://registry.npmjs.org/es-set-tostringtag/-/es-set-tostringtag-2.1.0.tgz. Extracting by manifest.
194 silly tarball no local data for es-errors@https://registry.npmjs.org/es-errors/-/es-errors-1.3.0.tgz. Extracting by manifest.
195 silly tarball no local data for es-object-atoms@https://registry.npmjs.org/es-object-atoms/-/es-object-atoms-1.1.1.tgz. Extracting by manifest.
196 silly tarball no local data for es-define-property@https://registry.npmjs.org/es-define-property/-/es-define-property-1.0.1.tgz. Extracting by manifest.
197 silly tarball no local data for enhanced-resolve@https://registry.npmjs.org/enhanced-resolve/-/enhanced-resolve-5.18.1.tgz. Extracting by manifest.
198 silly tarball no local data for emoji-regex@https://registry.npmjs.org/emoji-regex/-/emoji-regex-8.0.0.tgz. Extracting by manifest.
199 silly tarball no local data for electron-to-chromium@https://registry.npmjs.org/electron-to-chromium/-/electron-to-chromium-1.5.103.tgz. Extracting by manifest.
200 silly tarball no local data for dunder-proto@https://registry.npmjs.org/dunder-proto/-/dunder-proto-1.0.1.tgz. Extracting by manifest.
201 silly tarball no local data for detect-libc@https://registry.npmjs.org/detect-libc/-/detect-libc-1.0.3.tgz. Extracting by manifest.
202 silly tarball no local data for delayed-stream@https://registry.npmjs.org/delayed-stream/-/delayed-stream-1.0.0.tgz. Extracting by manifest.
203 silly tarball no local data for concurrently@https://registry.npmjs.org/concurrently/-/concurrently-9.1.2.tgz. Extracting by manifest.
204 silly tarball no local data for combined-stream@https://registry.npmjs.org/combined-stream/-/combined-stream-1.0.8.tgz. Extracting by manifest.
205 silly tarball no local data for color-name@https://registry.npmjs.org/color-name/-/color-name-1.1.4.tgz. Extracting by manifest.
206 silly tarball no local data for color-convert@https://registry.npmjs.org/color-convert/-/color-convert-2.0.1.tgz. Extracting by manifest.
207 silly tarball no local data for cliui@https://registry.npmjs.org/cliui/-/cliui-8.0.1.tgz. Extracting by manifest.
208 silly tarball no local data for chalk@https://registry.npmjs.org/chalk/-/chalk-4.1.2.tgz. Extracting by manifest.
209 silly tarball no local data for caniuse-lite@https://registry.npmjs.org/caniuse-lite/-/caniuse-lite-1.0.30001700.tgz. Extracting by manifest.
210 silly tarball no local data for call-bind-apply-helpers@https://registry.npmjs.org/call-bind-apply-helpers/-/call-bind-apply-helpers-1.0.2.tgz. Extracting by manifest.
211 silly tarball no local data for browserslist@https://registry.npmjs.org/browserslist/-/browserslist-4.24.4.tgz. Extracting by manifest.
212 silly tarball no local data for axios@https://registry.npmjs.org/axios/-/axios-1.7.9.tgz. Extracting by manifest.
213 silly tarball no local data for autoprefixer@https://registry.npmjs.org/autoprefixer/-/autoprefixer-10.4.20.tgz. Extracting by manifest.
214 silly tarball no local data for asynckit@https://registry.npmjs.org/asynckit/-/asynckit-0.4.0.tgz. Extracting by manifest.
215 silly tarball no local data for ansi-styles@https://registry.npmjs.org/ansi-styles/-/ansi-styles-4.3.0.tgz. Extracting by manifest.
216 silly tarball no local data for ansi-regex@https://registry.npmjs.org/ansi-regex/-/ansi-regex-5.0.1.tgz. Extracting by manifest.
217 silly tarball no local data for @types/estree@https://registry.npmjs.org/@types/estree/-/estree-1.0.6.tgz. Extracting by manifest.
218 silly tarball no local data for @tailwindcss/vite@https://registry.npmjs.org/@tailwindcss/vite/-/vite-4.0.8.tgz. Extracting by manifest.
219 silly tarball no local data for @tailwindcss/oxide-win32-x64-msvc@https://registry.npmjs.org/@tailwindcss/oxide-win32-x64-msvc/-/oxide-win32-x64-msvc-4.0.8.tgz. Extracting by manifest.
220 silly tarball no local data for @tailwindcss/oxide@https://registry.npmjs.org/@tailwindcss/oxide/-/oxide-4.0.8.tgz. Extracting by manifest.
221 silly tarball no local data for @rollup/rollup-win32-x64-msvc@https://registry.npmjs.org/@rollup/rollup-win32-x64-msvc/-/rollup-win32-x64-msvc-4.34.8.tgz. Extracting by manifest.
222 silly tarball no local data for @tailwindcss/node@https://registry.npmjs.org/@tailwindcss/node/-/node-4.0.8.tgz. Extracting by manifest.
223 silly tarball no local data for @esbuild/win32-x64@https://registry.npmjs.org/@esbuild/win32-x64/-/win32-x64-0.25.0.tgz. Extracting by manifest.
224 silly tarball no local data for supports-color@https://registry.npmjs.org/supports-color/-/supports-color-7.2.0.tgz. Extracting by manifest.
225 http fetch GET 200 https://registry.npmjs.org/vite-plugin-full-reload/-/vite-plugin-full-reload-1.2.0.tgz 405ms (cache miss)
226 http fetch GET 200 https://registry.npmjs.org/wrap-ansi/-/wrap-ansi-7.0.0.tgz 485ms (cache miss)
227 http fetch GET 200 https://registry.npmjs.org/supports-color/-/supports-color-8.1.1.tgz 479ms (cache miss)
228 http fetch GET 200 https://registry.npmjs.org/y18n/-/y18n-5.0.8.tgz 509ms (cache miss)
229 http fetch GET 200 https://registry.npmjs.org/yargs-parser/-/yargs-parser-21.1.1.tgz 544ms (cache miss)
230 http fetch GET 200 https://registry.npmjs.org/tslib/-/tslib-2.8.1.tgz 558ms (cache miss)
231 http fetch GET 200 https://registry.npmjs.org/strip-ansi/-/strip-ansi-6.0.1.tgz 569ms (cache miss)
232 http fetch GET 200 https://registry.npmjs.org/tree-kill/-/tree-kill-1.2.2.tgz 580ms (cache miss)
233 http fetch GET 200 https://registry.npmjs.org/string-width/-/string-width-4.2.3.tgz 647ms (cache miss)
234 http fetch GET 200 https://registry.npmjs.org/update-browserslist-db/-/update-browserslist-db-1.1.2.tgz 667ms (cache miss)
235 http fetch GET 200 https://registry.npmjs.org/tapable/-/tapable-2.2.1.tgz 714ms (cache miss)
236 http fetch GET 200 https://registry.npmjs.org/yargs/-/yargs-17.7.2.tgz 769ms (cache miss)
237 http fetch GET 200 https://registry.npmjs.org/npm 1149ms
238 http fetch GET 200 https://registry.npmjs.org/tailwindcss/-/tailwindcss-4.0.8.tgz 893ms (cache miss)
239 http fetch GET 200 https://registry.npmjs.org/require-directory/-/require-directory-2.1.1.tgz 915ms (cache miss)
240 http fetch GET 200 https://registry.npmjs.org/picocolors/-/picocolors-1.1.1.tgz 915ms (cache miss)
241 http fetch GET 200 https://registry.npmjs.org/proxy-from-env/-/proxy-from-env-1.1.0.tgz 927ms (cache miss)
242 http fetch GET 200 https://registry.npmjs.org/normalize-range/-/normalize-range-0.1.2.tgz 948ms (cache miss)
243 http fetch GET 200 https://registry.npmjs.org/postcss-value-parser/-/postcss-value-parser-4.2.0.tgz 970ms (cache miss)
244 http fetch GET 200 https://registry.npmjs.org/shell-quote/-/shell-quote-1.8.2.tgz 1052ms (cache miss)
245 http fetch GET 200 https://registry.npmjs.org/picomatch/-/picomatch-2.3.1.tgz 1077ms (cache miss)
246 http fetch GET 200 https://registry.npmjs.org/nanoid/-/nanoid-3.3.8.tgz 1091ms (cache miss)
247 http fetch GET 200 https://registry.npmjs.org/node-releases/-/node-releases-2.0.19.tgz 1105ms (cache miss)
248 http fetch GET 200 https://registry.npmjs.org/source-map-js/-/source-map-js-1.2.1.tgz 1139ms (cache miss)
249 http fetch GET 200 https://registry.npmjs.org/postcss/-/postcss-8.5.3.tgz 1226ms (cache miss)
250 http fetch GET 200 https://registry.npmjs.org/is-fullwidth-code-point/-/is-fullwidth-code-point-3.0.0.tgz 1265ms (cache miss)
251 http fetch GET 200 https://registry.npmjs.org/laravel-vite-plugin/-/laravel-vite-plugin-1.2.0.tgz 1317ms (cache miss)
252 http fetch GET 200 https://registry.npmjs.org/mime-db/-/mime-db-1.52.0.tgz 1327ms (cache miss)
253 http fetch GET 200 https://registry.npmjs.org/math-intrinsics/-/math-intrinsics-1.1.0.tgz 1393ms (cache miss)
254 http fetch GET 200 https://registry.npmjs.org/lightningcss/-/lightningcss-1.29.1.tgz 1396ms (cache miss)
255 http fetch GET 200 https://registry.npmjs.org/mime-types/-/mime-types-2.1.35.tgz 1443ms (cache miss)
256 http fetch POST 200 https://registry.npmjs.org/-/npm/v1/security/advisories/bulk 1632ms
257 silly audit report {}
258 http fetch GET 200 https://registry.npmjs.org/vite/-/vite-6.2.0.tgz 1584ms (cache miss)
259 http fetch GET 200 https://registry.npmjs.org/hasown/-/hasown-2.0.2.tgz 1637ms (cache miss)
260 http fetch GET 200 https://registry.npmjs.org/has-tostringtag/-/has-tostringtag-1.0.2.tgz 1666ms (cache miss)
261 http fetch GET 200 https://registry.npmjs.org/has-flag/-/has-flag-4.0.0.tgz 1747ms (cache miss)
262 http fetch GET 200 https://registry.npmjs.org/graceful-fs/-/graceful-fs-4.2.11.tgz 1751ms (cache miss)
263 http fetch GET 200 https://registry.npmjs.org/rollup/-/rollup-4.34.8.tgz 1804ms (cache miss)
264 http fetch GET 200 https://registry.npmjs.org/gopd/-/gopd-1.2.0.tgz 1788ms (cache miss)
265 http fetch GET 200 https://registry.npmjs.org/has-symbols/-/has-symbols-1.1.0.tgz 1795ms (cache miss)
266 http fetch GET 200 https://registry.npmjs.org/get-caller-file/-/get-caller-file-2.0.5.tgz 1884ms (cache miss)
267 http fetch GET 200 https://registry.npmjs.org/get-intrinsic/-/get-intrinsic-1.3.0.tgz 1927ms (cache miss)
268 http fetch GET 200 https://registry.npmjs.org/function-bind/-/function-bind-1.1.2.tgz 1927ms (cache miss)
269 http fetch GET 200 https://registry.npmjs.org/get-proto/-/get-proto-1.0.1.tgz 1932ms (cache miss)
270 http fetch GET 200 https://registry.npmjs.org/form-data/-/form-data-4.0.2.tgz 1970ms (cache miss)
271 http fetch GET 200 https://registry.npmjs.org/fraction.js/-/fraction.js-4.3.7.tgz 1997ms (cache miss)
272 http fetch GET 200 https://registry.npmjs.org/es-errors/-/es-errors-1.3.0.tgz 2116ms (cache miss)
273 http fetch GET 200 https://registry.npmjs.org/es-define-property/-/es-define-property-1.0.1.tgz 2248ms (cache miss)
274 http fetch GET 200 https://registry.npmjs.org/dunder-proto/-/dunder-proto-1.0.1.tgz 2249ms (cache miss)
275 http fetch GET 200 https://registry.npmjs.org/detect-libc/-/detect-libc-1.0.3.tgz 2256ms (cache miss)
276 http fetch GET 200 https://registry.npmjs.org/emoji-regex/-/emoji-regex-8.0.0.tgz 2286ms (cache miss)
277 http fetch GET 200 https://registry.npmjs.org/es-set-tostringtag/-/es-set-tostringtag-2.1.0.tgz 2326ms (cache miss)
278 http fetch GET 200 https://registry.npmjs.org/esbuild/-/esbuild-0.25.0.tgz 2328ms (cache miss)
279 http fetch GET 200 https://registry.npmjs.org/jiti/-/jiti-2.4.2.tgz 2367ms (cache miss)
280 http fetch GET 200 https://registry.npmjs.org/follow-redirects/-/follow-redirects-1.15.9.tgz 2355ms (cache miss)
281 http fetch GET 200 https://registry.npmjs.org/electron-to-chromium/-/electron-to-chromium-1.5.103.tgz 2369ms (cache miss)
282 http fetch GET 200 https://registry.npmjs.org/es-object-atoms/-/es-object-atoms-1.1.1.tgz 2378ms (cache miss)
283 http fetch GET 200 https://registry.npmjs.org/escalade/-/escalade-3.2.0.tgz 2397ms (cache miss)
284 http fetch GET 200 https://registry.npmjs.org/color-name/-/color-name-1.1.4.tgz 2397ms (cache miss)
285 http fetch GET 200 https://registry.npmjs.org/cliui/-/cliui-8.0.1.tgz 2398ms (cache miss)
286 http fetch GET 200 https://registry.npmjs.org/color-convert/-/color-convert-2.0.1.tgz 2494ms (cache miss)
287 http fetch GET 200 https://registry.npmjs.org/delayed-stream/-/delayed-stream-1.0.0.tgz 2521ms (cache miss)
288 http fetch GET 200 https://registry.npmjs.org/combined-stream/-/combined-stream-1.0.8.tgz 2568ms (cache miss)
289 http fetch GET 200 https://registry.npmjs.org/ansi-styles/-/ansi-styles-4.3.0.tgz 2599ms (cache miss)
290 http fetch GET 200 https://registry.npmjs.org/enhanced-resolve/-/enhanced-resolve-5.18.1.tgz 2618ms (cache miss)
291 http fetch GET 200 https://registry.npmjs.org/chalk/-/chalk-4.1.2.tgz 2631ms (cache miss)
292 http fetch GET 200 https://registry.npmjs.org/browserslist/-/browserslist-4.24.4.tgz 2687ms (cache miss)
293 http fetch GET 200 https://registry.npmjs.org/asynckit/-/asynckit-0.4.0.tgz 2688ms (cache miss)
294 http fetch GET 200 https://registry.npmjs.org/call-bind-apply-helpers/-/call-bind-apply-helpers-1.0.2.tgz 2728ms (cache miss)
295 http fetch GET 200 https://registry.npmjs.org/concurrently/-/concurrently-9.1.2.tgz 2853ms (cache miss)
296 http fetch GET 200 https://registry.npmjs.org/autoprefixer/-/autoprefixer-10.4.20.tgz 2944ms (cache miss)
297 http fetch GET 200 https://registry.npmjs.org/@types/estree/-/estree-1.0.6.tgz 2996ms (cache miss)
298 http fetch GET 200 https://registry.npmjs.org/supports-color/-/supports-color-7.2.0.tgz 2992ms (cache miss)
299 http fetch GET 200 https://registry.npmjs.org/ansi-regex/-/ansi-regex-5.0.1.tgz 3003ms (cache miss)
300 http fetch GET 200 https://registry.npmjs.org/axios/-/axios-1.7.9.tgz 3351ms (cache miss)
301 http fetch GET 200 https://registry.npmjs.org/@tailwindcss/oxide/-/oxide-4.0.8.tgz 3648ms (cache miss)
302 http fetch GET 200 https://registry.npmjs.org/@tailwindcss/node/-/node-4.0.8.tgz 3675ms (cache miss)
303 http fetch GET 200 https://registry.npmjs.org/@tailwindcss/vite/-/vite-4.0.8.tgz 4290ms (cache miss)
304 http fetch GET 200 https://registry.npmjs.org/lodash/-/lodash-4.17.21.tgz 4765ms (cache miss)
305 http fetch GET 200 https://registry.npmjs.org/@rollup/rollup-win32-x64-msvc/-/rollup-win32-x64-msvc-4.34.8.tgz 4967ms (cache miss)
306 http fetch GET 200 https://registry.npmjs.org/@tailwindcss/oxide-win32-x64-msvc/-/oxide-win32-x64-msvc-4.0.8.tgz 5407ms (cache miss)
307 http fetch GET 200 https://registry.npmjs.org/caniuse-lite/-/caniuse-lite-1.0.30001700.tgz 5619ms (cache miss)
308 http fetch GET 200 https://registry.npmjs.org/rxjs/-/rxjs-7.8.2.tgz 7257ms (cache miss)
309 http fetch GET 200 https://registry.npmjs.org/lightningcss-win32-x64-msvc/-/lightningcss-win32-x64-msvc-1.29.1.tgz 12677ms (cache miss)
310 http fetch GET 200 https://registry.npmjs.org/@esbuild/win32-x64/-/win32-x64-0.25.0.tgz 15785ms (cache miss)
311 info run esbuild@0.25.0 postinstall node_modules/esbuild node install.js
312 info run esbuild@0.25.0 postinstall { code: 0, signal: null }
313 silly ADD node_modules/yargs-parser
314 silly ADD node_modules/yargs
315 silly ADD node_modules/y18n
316 silly ADD node_modules/wrap-ansi
317 silly ADD node_modules/vite-plugin-full-reload
318 silly ADD node_modules/vite
319 silly ADD node_modules/update-browserslist-db
320 silly ADD node_modules/tslib
321 silly ADD node_modules/tree-kill
322 silly ADD node_modules/tapable
323 silly ADD node_modules/tailwindcss
324 silly ADD node_modules/supports-color
325 silly ADD node_modules/strip-ansi
326 silly ADD node_modules/string-width
327 silly ADD node_modules/source-map-js
328 silly ADD node_modules/shell-quote
329 silly ADD node_modules/rxjs
330 silly ADD node_modules/rollup
331 silly ADD
332 silly ADD node_modules/require-directory
333 silly ADD node_modules/proxy-from-env
334 silly ADD node_modules/postcss-value-parser
335 silly ADD node_modules/postcss
336 silly ADD node_modules/picomatch
337 silly ADD node_modules/picocolors
338 silly ADD node_modules/normalize-range
339 silly ADD node_modules/node-releases
340 silly ADD node_modules/nanoid
341 silly ADD node_modules/mime-types
342 silly ADD node_modules/mime-db
343 silly ADD node_modules/math-intrinsics
344 silly ADD node_modules/lodash
345 silly ADD node_modules/lightningcss-win32-x64-msvc
346 silly ADD
347 silly ADD
348 silly ADD
349 silly ADD
350 silly ADD
351 silly ADD
352 silly ADD
353 silly ADD
354 silly ADD
355 silly ADD node_modules/lightningcss
356 silly ADD node_modules/laravel-vite-plugin
357 silly ADD node_modules/jiti
358 silly ADD node_modules/is-fullwidth-code-point
359 silly ADD node_modules/hasown
360 silly ADD node_modules/has-tostringtag
361 silly ADD node_modules/has-symbols
362 silly ADD node_modules/has-flag
363 silly ADD node_modules/graceful-fs
364 silly ADD node_modules/gopd
365 silly ADD node_modules/get-proto
366 silly ADD node_modules/get-intrinsic
367 silly ADD node_modules/get-caller-file
368 silly ADD node_modules/function-bind
369 silly ADD
370 silly ADD node_modules/fraction.js
371 silly ADD node_modules/form-data
372 silly ADD node_modules/follow-redirects
373 silly ADD node_modules/escalade
374 silly ADD node_modules/esbuild
375 silly ADD node_modules/es-set-tostringtag
376 silly ADD node_modules/es-object-atoms
377 silly ADD node_modules/es-errors
378 silly ADD node_modules/es-define-property
379 silly ADD node_modules/enhanced-resolve
380 silly ADD node_modules/emoji-regex
381 silly ADD node_modules/electron-to-chromium
382 silly ADD node_modules/dunder-proto
383 silly ADD node_modules/detect-libc
384 silly ADD node_modules/delayed-stream
385 silly ADD node_modules/concurrently
386 silly ADD node_modules/combined-stream
387 silly ADD node_modules/color-name
388 silly ADD node_modules/color-convert
389 silly ADD node_modules/cliui
390 silly ADD node_modules/chalk
391 silly ADD node_modules/chalk/node_modules/supports-color
392 silly ADD node_modules/caniuse-lite
393 silly ADD node_modules/call-bind-apply-helpers
394 silly ADD node_modules/browserslist
395 silly ADD node_modules/axios
396 silly ADD node_modules/autoprefixer
397 silly ADD node_modules/asynckit
398 silly ADD node_modules/ansi-styles
399 silly ADD node_modules/ansi-regex
400 silly ADD node_modules/@types/estree
401 silly ADD node_modules/@tailwindcss/vite
402 silly ADD node_modules/@tailwindcss/oxide-win32-x64-msvc
403 silly ADD
404 silly ADD
405 silly ADD
406 silly ADD
407 silly ADD
408 silly ADD
409 silly ADD
410 silly ADD
411 silly ADD
412 silly ADD
413 silly ADD node_modules/@tailwindcss/oxide
414 silly ADD node_modules/@tailwindcss/node
415 silly ADD node_modules/@rollup/rollup-win32-x64-msvc
416 silly ADD
417 silly ADD
418 silly ADD
419 silly ADD
420 silly ADD
421 silly ADD
422 silly ADD
423 silly ADD
424 silly ADD
425 silly ADD
426 silly ADD
427 silly ADD
428 silly ADD
429 silly ADD
430 silly ADD
431 silly ADD
432 silly ADD
433 silly ADD
434 silly ADD node_modules/@esbuild/win32-x64
435 silly ADD
436 silly ADD
437 silly ADD
438 silly ADD
439 silly ADD
440 silly ADD
441 silly ADD
442 silly ADD
443 silly ADD
444 silly ADD
445 silly ADD
446 silly ADD
447 silly ADD
448 silly ADD
449 silly ADD
450 silly ADD
451 silly ADD
452 silly ADD
453 silly ADD
454 silly ADD
455 silly ADD
456 silly ADD
457 silly ADD
458 silly ADD
459 verbose cwd C:\Users\tawik\Herd\my-project
460 verbose os Windows_NT 10.0.19045
461 verbose node v22.3.0
462 verbose npm  v10.9.0
463 notice
463 notice New major version of npm available! 10.9.0 -> 11.2.0
463 notice Changelog: https://github.com/npm/cli/releases/tag/v11.2.0
463 notice To update run: npm install -g npm@11.2.0
463 notice  { force: true, [Symbol(proc-log.meta)]: true }
464 verbose exit 0
465 info ok
